2016-04-02 05:14:30,716 - requests_oauthlib.oauth1_auth - DEBUG - Signing request <PreparedRequest [POST]> using client <Client nonce=None, signature_method=HMAC-SHA1, realm=None, encoding=utf-8, timestamp=None, resource_owner_secret=****, decoding=None, verifier=None, signature_type=AUTH_HEADER, rsa_key=None, resource_owner_key=704221142576295936-BMpH4Ptj7JChpDmNnOAis3WlPJ4bdHX, client_secret=****, callback_uri=None, client_key=dgdPzASZa49oB59C9GttT3qO2>
2016-04-02 05:14:30,716 - requests_oauthlib.oauth1_auth - DEBUG - Including body in call to sign: True
2016-04-02 05:14:30,717 - oauthlib.oauth1.rfc5849 - DEBUG - Collected params: [(u'delimited', u'length'), (u'oauth_nonce', u'120527728628694025541459574070'), (u'oauth_timestamp', u'1459574070'), (u'oauth_consumer_key', u'dgdPzASZa49oB59C9GttT3qO2'), (u'oauth_signature_method', u'HMAC-SHA1'), (u'oauth_version', u'1.0'), (u'oauth_token', u'704221142576295936-BMpH4Ptj7JChpDmNnOAis3WlPJ4bdHX'), (u'track', u'a,the,i,you,u'), (u'language', u'en')]
2016-04-02 05:14:30,717 - oauthlib.oauth1.rfc5849 - DEBUG - Normalized params: delimited=length&language=en&oauth_consumer_key=dgdPzASZa49oB59C9GttT3qO2&oauth_nonce=120527728628694025541459574070&oauth_signature_method=HMAC-SHA1&oauth_timestamp=1459574070&oauth_token=704221142576295936-BMpH4Ptj7JChpDmNnOAis3WlPJ4bdHX&oauth_version=1.0&track=a%2Cthe%2Ci%2Cyou%2Cu
2016-04-02 05:14:30,717 - oauthlib.oauth1.rfc5849 - DEBUG - Normalized URI: https://stream.twitter.com/1.1/statuses/filter.json
2016-04-02 05:14:30,717 - oauthlib.oauth1.rfc5849 - DEBUG - Base signing string: POST&https%3A%2F%2Fstream.twitter.com%2F1.1%2Fstatuses%2Ffilter.json&delimited%3Dlength%26language%3Den%26oauth_consumer_key%3DdgdPzASZa49oB59C9GttT3qO2%26oauth_nonce%3D120527728628694025541459574070%26oauth_signature_method%3DHMAC-SHA1%26oauth_timestamp%3D1459574070%26oauth_token%3D704221142576295936-BMpH4Ptj7JChpDmNnOAis3WlPJ4bdHX%26oauth_version%3D1.0%26track%3Da%252Cthe%252Ci%252Cyou%252Cu
2016-04-02 05:14:30,718 - oauthlib.oauth1.rfc5849 - DEBUG - Signature: tnl0wpnPsH9MeKYKiTcL52U5QNo=
2016-04-02 05:14:30,718 - requests_oauthlib.oauth1_auth - DEBUG - Updated url: https://stream.twitter.com/1.1/statuses/filter.json?delimited=length
2016-04-02 05:14:30,718 - requests_oauthlib.oauth1_auth - DEBUG - Updated headers: {u'Content-Length': u'39', u'Content-Type': u'application/x-www-form-urlencoded', u'Authorization': u'OAuth oauth_nonce="120527728628694025541459574070", oauth_timestamp="1459574070", oauth_version="1.0", oauth_signature_method="HMAC-SHA1", oauth_consumer_key="dgdPzASZa49oB59C9GttT3qO2", oauth_token="704221142576295936-BMpH4Ptj7JChpDmNnOAis3WlPJ4bdHX", oauth_signature="tnl0wpnPsH9MeKYKiTcL52U5QNo%3D"'}
2016-04-02 05:14:30,718 - requests_oauthlib.oauth1_auth - DEBUG - Updated body: u'track=a%2Cthe%2Ci%2Cyou%2Cu&language=en'
2016-04-02 05:14:30,719 - requests.packages.urllib3.connectionpool - INFO - Starting new HTTPS connection (1): stream.twitter.com
2016-04-02 05:14:30,812 - streamparse.storm.component - ERROR - Received EOF while trying to read stdin from Storm, pipe appears to be broken, exiting.
2016-04-02 05:14:30,936 - requests.packages.urllib3.connectionpool - DEBUG - "POST /1.1/statuses/filter.json?delimited=length HTTP/1.1" 420 36
2016-04-02 05:15:30,991 - requests_oauthlib.oauth1_auth - DEBUG - Signing request <PreparedRequest [POST]> using client <Client nonce=None, signature_method=HMAC-SHA1, realm=None, encoding=utf-8, timestamp=None, resource_owner_secret=****, decoding=None, verifier=None, signature_type=AUTH_HEADER, rsa_key=None, resource_owner_key=704221142576295936-BMpH4Ptj7JChpDmNnOAis3WlPJ4bdHX, client_secret=****, callback_uri=None, client_key=dgdPzASZa49oB59C9GttT3qO2>
2016-04-02 05:15:30,991 - requests_oauthlib.oauth1_auth - DEBUG - Including body in call to sign: True
2016-04-02 05:15:30,992 - oauthlib.oauth1.rfc5849 - DEBUG - Collected params: [(u'delimited', u'length'), (u'oauth_nonce', u'168898826572220598441459574130'), (u'oauth_timestamp', u'1459574130'), (u'oauth_consumer_key', u'dgdPzASZa49oB59C9GttT3qO2'), (u'oauth_signature_method', u'HMAC-SHA1'), (u'oauth_version', u'1.0'), (u'oauth_token', u'704221142576295936-BMpH4Ptj7JChpDmNnOAis3WlPJ4bdHX'), (u'track', u'a,the,i,you,u'), (u'language', u'en')]
2016-04-02 05:15:30,992 - oauthlib.oauth1.rfc5849 - DEBUG - Normalized params: delimited=length&language=en&oauth_consumer_key=dgdPzASZa49oB59C9GttT3qO2&oauth_nonce=168898826572220598441459574130&oauth_signature_method=HMAC-SHA1&oauth_timestamp=1459574130&oauth_token=704221142576295936-BMpH4Ptj7JChpDmNnOAis3WlPJ4bdHX&oauth_version=1.0&track=a%2Cthe%2Ci%2Cyou%2Cu
2016-04-02 05:15:30,993 - oauthlib.oauth1.rfc5849 - DEBUG - Normalized URI: https://stream.twitter.com/1.1/statuses/filter.json
2016-04-02 05:15:30,993 - oauthlib.oauth1.rfc5849 - DEBUG - Base signing string: POST&https%3A%2F%2Fstream.twitter.com%2F1.1%2Fstatuses%2Ffilter.json&delimited%3Dlength%26language%3Den%26oauth_consumer_key%3DdgdPzASZa49oB59C9GttT3qO2%26oauth_nonce%3D168898826572220598441459574130%26oauth_signature_method%3DHMAC-SHA1%26oauth_timestamp%3D1459574130%26oauth_token%3D704221142576295936-BMpH4Ptj7JChpDmNnOAis3WlPJ4bdHX%26oauth_version%3D1.0%26track%3Da%252Cthe%252Ci%252Cyou%252Cu
2016-04-02 05:15:30,993 - oauthlib.oauth1.rfc5849 - DEBUG - Signature: y1hbW8ljUHSdXpS8SrvssmeDU1c=
2016-04-02 05:15:30,993 - requests_oauthlib.oauth1_auth - DEBUG - Updated url: https://stream.twitter.com/1.1/statuses/filter.json?delimited=length
2016-04-02 05:15:30,993 - requests_oauthlib.oauth1_auth - DEBUG - Updated headers: {u'Content-Length': u'39', u'Content-Type': u'application/x-www-form-urlencoded', u'Authorization': u'OAuth oauth_nonce="168898826572220598441459574130", oauth_timestamp="1459574130", oauth_version="1.0", oauth_signature_method="HMAC-SHA1", oauth_consumer_key="dgdPzASZa49oB59C9GttT3qO2", oauth_token="704221142576295936-BMpH4Ptj7JChpDmNnOAis3WlPJ4bdHX", oauth_signature="y1hbW8ljUHSdXpS8SrvssmeDU1c%3D"'}
2016-04-02 05:15:30,993 - requests_oauthlib.oauth1_auth - DEBUG - Updated body: u'track=a%2Cthe%2Ci%2Cyou%2Cu&language=en'
2016-04-02 05:15:30,994 - requests.packages.urllib3.connectionpool - INFO - Starting new HTTPS connection (2): stream.twitter.com
2016-04-02 05:15:31,126 - requests.packages.urllib3.connectionpool - DEBUG - "POST /1.1/statuses/filter.json?delimited=length HTTP/1.1" 200 None
